running egg_info
creating build/arp_image_processing/arp_image_processing.egg-info
writing build/arp_image_processing/arp_image_processing.egg-info/PKG-INFO
writing dependency_links to build/arp_image_processing/arp_image_processing.egg-info/dependency_links.txt
writing entry points to build/arp_image_processing/arp_image_processing.egg-info/entry_points.txt
writing requirements to build/arp_image_processing/arp_image_processing.egg-info/requires.txt
writing top-level names to build/arp_image_processing/arp_image_processing.egg-info/top_level.txt
writing manifest file 'build/arp_image_processing/arp_image_processing.egg-info/SOURCES.txt'
reading manifest file 'build/arp_image_processing/arp_image_processing.egg-info/SOURCES.txt'
writing manifest file 'build/arp_image_processing/arp_image_processing.egg-info/SOURCES.txt'
running build
running build_py
creating /home/melih/ros2_ws_arp/src/arp_image_processing/build/arp_image_processing/build
creating /home/melih/ros2_ws_arp/src/arp_image_processing/build/arp_image_processing/build/lib
creating /home/melih/ros2_ws_arp/src/arp_image_processing/build/arp_image_processing/build/lib/arp_image_processing
copying arp_image_processing/__init__.py -> /home/melih/ros2_ws_arp/src/arp_image_processing/build/arp_image_processing/build/lib/arp_image_processing
running install
running install_lib
creating /home/melih/ros2_ws_arp/src/arp_image_processing/install/arp_image_processing/lib/python3.10/site-packages/arp_image_processing
copying /home/melih/ros2_ws_arp/src/arp_image_processing/build/arp_image_processing/build/lib/arp_image_processing/__init__.py -> /home/melih/ros2_ws_arp/src/arp_image_processing/install/arp_image_processing/lib/python3.10/site-packages/arp_image_processing
byte-compiling /home/melih/ros2_ws_arp/src/arp_image_processing/install/arp_image_processing/lib/python3.10/site-packages/arp_image_processing/__init__.py to __init__.cpython-310.pyc
running install_data
creating /home/melih/ros2_ws_arp/src/arp_image_processing/install/arp_image_processing/share/ament_index
creating /home/melih/ros2_ws_arp/src/arp_image_processing/install/arp_image_processing/share/ament_index/resource_index
creating /home/melih/ros2_ws_arp/src/arp_image_processing/install/arp_image_processing/share/ament_index/resource_index/packages
copying resource/arp_image_processing -> /home/melih/ros2_ws_arp/src/arp_image_processing/install/arp_image_processing/share/ament_index/resource_index/packages
copying package.xml -> /home/melih/ros2_ws_arp/src/arp_image_processing/install/arp_image_processing/share/arp_image_processing
running install_egg_info
Copying build/arp_image_processing/arp_image_processing.egg-info to /home/melih/ros2_ws_arp/src/arp_image_processing/install/arp_image_processing/lib/python3.10/site-packages/arp_image_processing-0.0.0-py3.10.egg-info
running install_scripts
writing list of installed files to '/home/melih/ros2_ws_arp/src/arp_image_processing/build/arp_image_processing/install.log'
