[0.515s] Invoking command in '/home/melih/ros2_ws_arp/src/arp_image_processing': PYTHONPATH=/home/melih/ros2_ws_arp/src/arp_image_processing/build/arp_image_processing/prefix_override:/home/melih/ros2_ws_arp/src/arp_image_processing/install/arp_image_processing/lib/python3.10/site-packages:${PYTHONPATH} /usr/bin/python3 -W ignore:setup.py install is deprecated setup.py egg_info --egg-base build/arp_image_processing build --build-base /home/melih/ros2_ws_arp/src/arp_image_processing/build/arp_image_processing/build install --record /home/melih/ros2_ws_arp/src/arp_image_processing/build/arp_image_processing/install.log --single-version-externally-managed install_data
[0.710s] running egg_info
[0.711s] creating build/arp_image_processing/arp_image_processing.egg-info
[0.711s] writing build/arp_image_processing/arp_image_processing.egg-info/PKG-INFO
[0.711s] writing dependency_links to build/arp_image_processing/arp_image_processing.egg-info/dependency_links.txt
[0.711s] writing entry points to build/arp_image_processing/arp_image_processing.egg-info/entry_points.txt
[0.712s] writing requirements to build/arp_image_processing/arp_image_processing.egg-info/requires.txt
[0.712s] writing top-level names to build/arp_image_processing/arp_image_processing.egg-info/top_level.txt
[0.712s] writing manifest file 'build/arp_image_processing/arp_image_processing.egg-info/SOURCES.txt'
[0.713s] reading manifest file 'build/arp_image_processing/arp_image_processing.egg-info/SOURCES.txt'
[0.713s] writing manifest file 'build/arp_image_processing/arp_image_processing.egg-info/SOURCES.txt'
[0.713s] running build
[0.714s] running build_py
[0.714s] creating /home/melih/ros2_ws_arp/src/arp_image_processing/build/arp_image_processing/build
[0.714s] creating /home/melih/ros2_ws_arp/src/arp_image_processing/build/arp_image_processing/build/lib
[0.714s] creating /home/melih/ros2_ws_arp/src/arp_image_processing/build/arp_image_processing/build/lib/arp_image_processing
[0.714s] copying arp_image_processing/__init__.py -> /home/melih/ros2_ws_arp/src/arp_image_processing/build/arp_image_processing/build/lib/arp_image_processing
[0.714s] running install
[0.714s] running install_lib
[0.715s] creating /home/melih/ros2_ws_arp/src/arp_image_processing/install/arp_image_processing/lib/python3.10/site-packages/arp_image_processing
[0.715s] copying /home/melih/ros2_ws_arp/src/arp_image_processing/build/arp_image_processing/build/lib/arp_image_processing/__init__.py -> /home/melih/ros2_ws_arp/src/arp_image_processing/install/arp_image_processing/lib/python3.10/site-packages/arp_image_processing
[0.715s] byte-compiling /home/melih/ros2_ws_arp/src/arp_image_processing/install/arp_image_processing/lib/python3.10/site-packages/arp_image_processing/__init__.py to __init__.cpython-310.pyc
[0.715s] running install_data
[0.715s] creating /home/melih/ros2_ws_arp/src/arp_image_processing/install/arp_image_processing/share/ament_index
[0.715s] creating /home/melih/ros2_ws_arp/src/arp_image_processing/install/arp_image_processing/share/ament_index/resource_index
[0.716s] creating /home/melih/ros2_ws_arp/src/arp_image_processing/install/arp_image_processing/share/ament_index/resource_index/packages
[0.716s] copying resource/arp_image_processing -> /home/melih/ros2_ws_arp/src/arp_image_processing/install/arp_image_processing/share/ament_index/resource_index/packages
[0.716s] copying package.xml -> /home/melih/ros2_ws_arp/src/arp_image_processing/install/arp_image_processing/share/arp_image_processing
[0.716s] running install_egg_info
[0.717s] Copying build/arp_image_processing/arp_image_processing.egg-info to /home/melih/ros2_ws_arp/src/arp_image_processing/install/arp_image_processing/lib/python3.10/site-packages/arp_image_processing-0.0.0-py3.10.egg-info
[0.718s] running install_scripts
[0.734s] writing list of installed files to '/home/melih/ros2_ws_arp/src/arp_image_processing/build/arp_image_processing/install.log'
[0.751s] Invoked command in '/home/melih/ros2_ws_arp/src/arp_image_processing' returned '0': PYTHONPATH=/home/melih/ros2_ws_arp/src/arp_image_processing/build/arp_image_processing/prefix_override:/home/melih/ros2_ws_arp/src/arp_image_processing/install/arp_image_processing/lib/python3.10/site-packages:${PYTHONPATH} /usr/bin/python3 -W ignore:setup.py install is deprecated setup.py egg_info --egg-base build/arp_image_processing build --build-base /home/melih/ros2_ws_arp/src/arp_image_processing/build/arp_image_processing/build install --record /home/melih/ros2_ws_arp/src/arp_image_processing/build/arp_image_processing/install.log --single-version-externally-managed install_data
