[0.510s] Invoking command in '/home/melih/ros2_ws_arp/src/arp_image_processing': PYTHONPATH=/home/melih/ros2_ws_arp/build/arp_image_processing/prefix_override:/home/melih/ros2_ws_arp/install/arp_image_processing/lib/python3.10/site-packages:${PYTHONPATH} /usr/bin/python3 -W ignore:setup.py install is deprecated setup.py egg_info --egg-base ../../build/arp_image_processing build --build-base /home/melih/ros2_ws_arp/build/arp_image_processing/build install --record /home/melih/ros2_ws_arp/build/arp_image_processing/install.log --single-version-externally-managed install_data
[0.717s] running egg_info
[0.718s] writing ../../build/arp_image_processing/arp_image_processing.egg-info/PKG-INFO
[0.718s] writing dependency_links to ../../build/arp_image_processing/arp_image_processing.egg-info/dependency_links.txt
[0.718s] writing entry points to ../../build/arp_image_processing/arp_image_processing.egg-info/entry_points.txt
[0.718s] writing requirements to ../../build/arp_image_processing/arp_image_processing.egg-info/requires.txt
[0.718s] writing top-level names to ../../build/arp_image_processing/arp_image_processing.egg-info/top_level.txt
[0.720s] reading manifest file '../../build/arp_image_processing/arp_image_processing.egg-info/SOURCES.txt'
[0.720s] writing manifest file '../../build/arp_image_processing/arp_image_processing.egg-info/SOURCES.txt'
[0.721s] running build
[0.721s] running build_py
[0.721s] copying arp_image_processing/map_publisher.py -> /home/melih/ros2_ws_arp/build/arp_image_processing/build/lib/arp_image_processing
[0.721s] running install
[0.721s] running install_lib
[0.722s] copying /home/melih/ros2_ws_arp/build/arp_image_processing/build/lib/arp_image_processing/map_publisher.py -> /home/melih/ros2_ws_arp/install/arp_image_processing/lib/python3.10/site-packages/arp_image_processing
[0.723s] byte-compiling /home/melih/ros2_ws_arp/install/arp_image_processing/lib/python3.10/site-packages/arp_image_processing/map_publisher.py to map_publisher.cpython-310.pyc
[0.723s] running install_data
[0.723s] running install_egg_info
[0.724s] removing '/home/melih/ros2_ws_arp/install/arp_image_processing/lib/python3.10/site-packages/arp_image_processing-0.0.0-py3.10.egg-info' (and everything under it)
[0.725s] Copying ../../build/arp_image_processing/arp_image_processing.egg-info to /home/melih/ros2_ws_arp/install/arp_image_processing/lib/python3.10/site-packages/arp_image_processing-0.0.0-py3.10.egg-info
[0.725s] running install_scripts
[0.743s] Installing draw_circle script to /home/melih/ros2_ws_arp/install/arp_image_processing/lib/arp_image_processing
[0.743s] Installing map_publisher script to /home/melih/ros2_ws_arp/install/arp_image_processing/lib/arp_image_processing
[0.743s] Installing path_planning script to /home/melih/ros2_ws_arp/install/arp_image_processing/lib/arp_image_processing
[0.743s] Installing pose_subscriber script to /home/melih/ros2_ws_arp/install/arp_image_processing/lib/arp_image_processing
[0.744s] Installing test_node script to /home/melih/ros2_ws_arp/install/arp_image_processing/lib/arp_image_processing
[0.744s] writing list of installed files to '/home/melih/ros2_ws_arp/build/arp_image_processing/install.log'
[0.760s] Invoked command in '/home/melih/ros2_ws_arp/src/arp_image_processing' returned '0': PYTHONPATH=/home/melih/ros2_ws_arp/build/arp_image_processing/prefix_override:/home/melih/ros2_ws_arp/install/arp_image_processing/lib/python3.10/site-packages:${PYTHONPATH} /usr/bin/python3 -W ignore:setup.py install is deprecated setup.py egg_info --egg-base ../../build/arp_image_processing build --build-base /home/melih/ros2_ws_arp/build/arp_image_processing/build install --record /home/melih/ros2_ws_arp/build/arp_image_processing/install.log --single-version-externally-managed install_data
