[0.502s] Invoking command in '/home/melih/ros2_ws_arp/src/arp_image_processing': PYTHONPATH=/home/melih/ros2_ws_arp/build/arp_image_processing/prefix_override:/home/melih/ros2_ws_arp/install/arp_image_processing/lib/python3.10/site-packages:${PYTHONPATH} /usr/bin/python3 -W ignore:setup.py install is deprecated setup.py egg_info --egg-base ../../build/arp_image_processing build --build-base /home/melih/ros2_ws_arp/build/arp_image_processing/build install --record /home/melih/ros2_ws_arp/build/arp_image_processing/install.log --single-version-externally-managed install_data
[0.703s] running egg_info
[0.703s] writing ../../build/arp_image_processing/arp_image_processing.egg-info/PKG-INFO
[0.704s] writing dependency_links to ../../build/arp_image_processing/arp_image_processing.egg-info/dependency_links.txt
[0.704s] writing entry points to ../../build/arp_image_processing/arp_image_processing.egg-info/entry_points.txt
[0.704s] writing requirements to ../../build/arp_image_processing/arp_image_processing.egg-info/requires.txt
[0.704s] writing top-level names to ../../build/arp_image_processing/arp_image_processing.egg-info/top_level.txt
[0.705s] reading manifest file '../../build/arp_image_processing/arp_image_processing.egg-info/SOURCES.txt'
[0.706s] writing manifest file '../../build/arp_image_processing/arp_image_processing.egg-info/SOURCES.txt'
[0.706s] running build
[0.706s] running build_py
[0.707s] copying arp_image_processing/path_planning.py -> /home/melih/ros2_ws_arp/build/arp_image_processing/build/lib/arp_image_processing
[0.707s] running install
[0.707s] running install_lib
[0.708s] copying /home/melih/ros2_ws_arp/build/arp_image_processing/build/lib/arp_image_processing/path_planning.py -> /home/melih/ros2_ws_arp/install/arp_image_processing/lib/python3.10/site-packages/arp_image_processing
[0.708s] byte-compiling /home/melih/ros2_ws_arp/install/arp_image_processing/lib/python3.10/site-packages/arp_image_processing/path_planning.py to path_planning.cpython-310.pyc
[0.709s] running install_data
[0.709s] running install_egg_info
[0.710s] removing '/home/melih/ros2_ws_arp/install/arp_image_processing/lib/python3.10/site-packages/arp_image_processing-0.0.0-py3.10.egg-info' (and everything under it)
[0.711s] Copying ../../build/arp_image_processing/arp_image_processing.egg-info to /home/melih/ros2_ws_arp/install/arp_image_processing/lib/python3.10/site-packages/arp_image_processing-0.0.0-py3.10.egg-info
[0.711s] running install_scripts
[0.728s] Installing draw_circle script to /home/melih/ros2_ws_arp/install/arp_image_processing/lib/arp_image_processing
[0.728s] Installing map_publisher script to /home/melih/ros2_ws_arp/install/arp_image_processing/lib/arp_image_processing
[0.729s] Installing path_planning script to /home/melih/ros2_ws_arp/install/arp_image_processing/lib/arp_image_processing
[0.729s] Installing pose_subscriber script to /home/melih/ros2_ws_arp/install/arp_image_processing/lib/arp_image_processing
[0.729s] Installing test_node script to /home/melih/ros2_ws_arp/install/arp_image_processing/lib/arp_image_processing
[0.729s] writing list of installed files to '/home/melih/ros2_ws_arp/build/arp_image_processing/install.log'
[0.746s] Invoked command in '/home/melih/ros2_ws_arp/src/arp_image_processing' returned '0': PYTHONPATH=/home/melih/ros2_ws_arp/build/arp_image_processing/prefix_override:/home/melih/ros2_ws_arp/install/arp_image_processing/lib/python3.10/site-packages:${PYTHONPATH} /usr/bin/python3 -W ignore:setup.py install is deprecated setup.py egg_info --egg-base ../../build/arp_image_processing build --build-base /home/melih/ros2_ws_arp/build/arp_image_processing/build install --record /home/melih/ros2_ws_arp/build/arp_image_processing/install.log --single-version-externally-managed install_data
