/home/melih/ros2_ws_arp/install/arp_image_processing/lib/python3.10/site-packages/arp_image_processing/map_publisher.py
/home/melih/ros2_ws_arp/install/arp_image_processing/lib/python3.10/site-packages/arp_image_processing/my_first_node.py
/home/melih/ros2_ws_arp/install/arp_image_processing/lib/python3.10/site-packages/arp_image_processing/__init__.py
/home/melih/ros2_ws_arp/install/arp_image_processing/lib/python3.10/site-packages/arp_image_processing/draw_circle.py
/home/melih/ros2_ws_arp/install/arp_image_processing/lib/python3.10/site-packages/arp_image_processing/pose_subscriber.py
/home/melih/ros2_ws_arp/install/arp_image_processing/lib/python3.10/site-packages/arp_image_processing/path_planning.py
/home/melih/ros2_ws_arp/install/arp_image_processing/lib/python3.10/site-packages/arp_image_processing/__pycache__/map_publisher.cpython-310.pyc
/home/melih/ros2_ws_arp/install/arp_image_processing/lib/python3.10/site-packages/arp_image_processing/__pycache__/my_first_node.cpython-310.pyc
/home/melih/ros2_ws_arp/install/arp_image_processing/lib/python3.10/site-packages/arp_image_processing/__pycache__/__init__.cpython-310.pyc
/home/melih/ros2_ws_arp/install/arp_image_processing/lib/python3.10/site-packages/arp_image_processing/__pycache__/draw_circle.cpython-310.pyc
/home/melih/ros2_ws_arp/install/arp_image_processing/lib/python3.10/site-packages/arp_image_processing/__pycache__/pose_subscriber.cpython-310.pyc
/home/melih/ros2_ws_arp/install/arp_image_processing/lib/python3.10/site-packages/arp_image_processing/__pycache__/path_planning.cpython-310.pyc
/home/melih/ros2_ws_arp/install/arp_image_processing/share/ament_index/resource_index/packages/arp_image_processing
/home/melih/ros2_ws_arp/install/arp_image_processing/share/arp_image_processing/package.xml
/home/melih/ros2_ws_arp/install/arp_image_processing/lib/python3.10/site-packages/arp_image_processing-0.0.0-py3.10.egg-info/top_level.txt
/home/melih/ros2_ws_arp/install/arp_image_processing/lib/python3.10/site-packages/arp_image_processing-0.0.0-py3.10.egg-info/entry_points.txt
/home/melih/ros2_ws_arp/install/arp_image_processing/lib/python3.10/site-packages/arp_image_processing-0.0.0-py3.10.egg-info/PKG-INFO
/home/melih/ros2_ws_arp/install/arp_image_processing/lib/python3.10/site-packages/arp_image_processing-0.0.0-py3.10.egg-info/dependency_links.txt
/home/melih/ros2_ws_arp/install/arp_image_processing/lib/python3.10/site-packages/arp_image_processing-0.0.0-py3.10.egg-info/requires.txt
/home/melih/ros2_ws_arp/install/arp_image_processing/lib/python3.10/site-packages/arp_image_processing-0.0.0-py3.10.egg-info/zip-safe
/home/melih/ros2_ws_arp/install/arp_image_processing/lib/python3.10/site-packages/arp_image_processing-0.0.0-py3.10.egg-info/SOURCES.txt
/home/melih/ros2_ws_arp/install/arp_image_processing/lib/arp_image_processing/draw_circle
/home/melih/ros2_ws_arp/install/arp_image_processing/lib/arp_image_processing/map_publisher
/home/melih/ros2_ws_arp/install/arp_image_processing/lib/arp_image_processing/path_planning
/home/melih/ros2_ws_arp/install/arp_image_processing/lib/arp_image_processing/pose_subscriber
/home/melih/ros2_ws_arp/install/arp_image_processing/lib/arp_image_processing/test_node
