[0.508s] Invoking command in '/home/melih/ros2_ws_arp/build/arp_image_processing': PYTHONPATH=/home/melih/ros2_ws_arp/build/arp_image_processing/prefix_override:/home/melih/ros2_ws_arp/install/arp_image_processing/lib/python3.10/site-packages:${PYTHONPATH} /usr/bin/python3 -W ignore:setup.py install is deprecated setup.py develop --editable --build-directory /home/melih/ros2_ws_arp/build/arp_image_processing/build --no-deps symlink_data --force
[0.733s] running develop
[0.733s] /usr/lib/python3/dist-packages/setuptools/command/easy_install.py:158: EasyInstallDeprecationWarning: easy_install command is deprecated. Use build and pip and other standards-based tools.
[0.733s]   warnings.warn(
[0.888s] running egg_info
[0.888s] writing arp_image_processing.egg-info/PKG-INFO
[0.888s] writing dependency_links to arp_image_processing.egg-info/dependency_links.txt
[0.888s] writing entry points to arp_image_processing.egg-info/entry_points.txt
[0.888s] writing requirements to arp_image_processing.egg-info/requires.txt
[0.888s] writing top-level names to arp_image_processing.egg-info/top_level.txt
[0.890s] reading manifest file 'arp_image_processing.egg-info/SOURCES.txt'
[0.891s] writing manifest file 'arp_image_processing.egg-info/SOURCES.txt'
[0.892s] running build_ext
[0.892s] Creating /home/melih/ros2_ws_arp/install/arp_image_processing/lib/python3.10/site-packages/arp-image-processing.egg-link (link to .)
[0.892s] Installing test_node script to /home/melih/ros2_ws_arp/install/arp_image_processing/lib/arp_image_processing
[0.893s] 
[0.893s] Installed /home/melih/ros2_ws_arp/build/arp_image_processing
[0.893s] running symlink_data
[0.893s] symbolically linking /home/melih/ros2_ws_arp/build/arp_image_processing/resource/arp_image_processing -> /home/melih/ros2_ws_arp/install/arp_image_processing/share/ament_index/resource_index/packages
[0.893s] symbolically linking /home/melih/ros2_ws_arp/build/arp_image_processing/package.xml -> /home/melih/ros2_ws_arp/install/arp_image_processing/share/arp_image_processing
[0.912s] Invoked command in '/home/melih/ros2_ws_arp/build/arp_image_processing' returned '0': PYTHONPATH=/home/melih/ros2_ws_arp/build/arp_image_processing/prefix_override:/home/melih/ros2_ws_arp/install/arp_image_processing/lib/python3.10/site-packages:${PYTHONPATH} /usr/bin/python3 -W ignore:setup.py install is deprecated setup.py develop --editable --build-directory /home/melih/ros2_ws_arp/build/arp_image_processing/build --no-deps symlink_data --force
