[0.525s] Invoking command in '/home/melih/ros2_ws_arp/src/arp_image_processing': PYTHONPATH=/home/melih/ros2_ws_arp/build/arp_image_processing/prefix_override:/home/melih/ros2_ws_arp/install/arp_image_processing/lib/python3.10/site-packages:${PYTHONPATH} /usr/bin/python3 -W ignore:setup.py install is deprecated setup.py egg_info --egg-base ../../build/arp_image_processing build --build-base /home/melih/ros2_ws_arp/build/arp_image_processing/build install --record /home/melih/ros2_ws_arp/build/arp_image_processing/install.log --single-version-externally-managed install_data
[0.739s] running egg_info
[0.739s] writing ../../build/arp_image_processing/arp_image_processing.egg-info/PKG-INFO
[0.739s] writing dependency_links to ../../build/arp_image_processing/arp_image_processing.egg-info/dependency_links.txt
[0.739s] writing entry points to ../../build/arp_image_processing/arp_image_processing.egg-info/entry_points.txt
[0.740s] writing requirements to ../../build/arp_image_processing/arp_image_processing.egg-info/requires.txt
[0.740s] writing top-level names to ../../build/arp_image_processing/arp_image_processing.egg-info/top_level.txt
[0.741s] reading manifest file '../../build/arp_image_processing/arp_image_processing.egg-info/SOURCES.txt'
[0.742s] writing manifest file '../../build/arp_image_processing/arp_image_processing.egg-info/SOURCES.txt'
[0.742s] running build
[0.742s] running build_py
[0.742s] copying arp_image_processing/draw_circle.py -> /home/melih/ros2_ws_arp/build/arp_image_processing/build/lib/arp_image_processing
[0.742s] running install
[0.743s] running install_lib
[0.743s] copying /home/melih/ros2_ws_arp/build/arp_image_processing/build/lib/arp_image_processing/draw_circle.py -> /home/melih/ros2_ws_arp/install/arp_image_processing/lib/python3.10/site-packages/arp_image_processing
[0.744s] byte-compiling /home/melih/ros2_ws_arp/install/arp_image_processing/lib/python3.10/site-packages/arp_image_processing/draw_circle.py to draw_circle.cpython-310.pyc
[0.744s] running install_data
[0.744s] copying package.xml -> /home/melih/ros2_ws_arp/install/arp_image_processing/share/arp_image_processing
[0.744s] running install_egg_info
[0.745s] removing '/home/melih/ros2_ws_arp/install/arp_image_processing/lib/python3.10/site-packages/arp_image_processing-0.0.0-py3.10.egg-info' (and everything under it)
[0.746s] Copying ../../build/arp_image_processing/arp_image_processing.egg-info to /home/melih/ros2_ws_arp/install/arp_image_processing/lib/python3.10/site-packages/arp_image_processing-0.0.0-py3.10.egg-info
[0.747s] running install_scripts
[0.764s] Installing draw_circle script to /home/melih/ros2_ws_arp/install/arp_image_processing/lib/arp_image_processing
[0.764s] Installing test_node script to /home/melih/ros2_ws_arp/install/arp_image_processing/lib/arp_image_processing
[0.764s] writing list of installed files to '/home/melih/ros2_ws_arp/build/arp_image_processing/install.log'
[0.782s] Invoked command in '/home/melih/ros2_ws_arp/src/arp_image_processing' returned '0': PYTHONPATH=/home/melih/ros2_ws_arp/build/arp_image_processing/prefix_override:/home/melih/ros2_ws_arp/install/arp_image_processing/lib/python3.10/site-packages:${PYTHONPATH} /usr/bin/python3 -W ignore:setup.py install is deprecated setup.py egg_info --egg-base ../../build/arp_image_processing build --build-base /home/melih/ros2_ws_arp/build/arp_image_processing/build install --record /home/melih/ros2_ws_arp/build/arp_image_processing/install.log --single-version-externally-managed install_data
