[0.106s] DEBUG:colcon:Command line arguments: ['/usr/bin/colcon', 'list', '-p', '--base-paths', '/home/melih/ros2_ws_arp']
[0.106s] DEBUG:colcon:Parsed command line arguments: Namespace(log_base=None, log_level=None, verb_name='list', build_base='build', ignore_user_meta=False, metas=['./colcon.meta'], base_paths=['/home/melih/ros2_ws_arp'], packages_ignore=None, packages_ignore_regex=None, paths=None, packages_up_to=None, packages_up_to_regex=None, packages_above=None, packages_above_and_dependencies=None, packages_above_depth=None, packages_select_by_dep=None, packages_skip_by_dep=None, packages_skip_up_to=None, packages_select_build_failed=False, packages_skip_build_finished=False, packages_select_test_failures=False, packages_skip_test_passed=False, packages_select=None, packages_skip=None, packages_select_regex=None, packages_skip_regex=None, packages_start=None, packages_end=None, allow_overriding=[], topological_order=False, names_only=False, paths_only=True, topological_graph=False, topological_graph_dot=False, topological_graph_density=False, topological_graph_legend=False, topological_graph_dot_cluster=False, topological_graph_dot_include_skipped=False, verb_parser=<colcon_defaults.argument_parser.defaults.DefaultArgumentsDecorator object at 0x7cb466b3d210>, verb_extension=<colcon_package_information.verb.list.ListVerb object at 0x7cb466b3c3a0>, main=<bound method ListVerb.main of <colcon_package_information.verb.list.ListVerb object at 0x7cb466b3c3a0>>)
[0.293s] Level 1:colcon.colcon_core.package_discovery:discover_packages(colcon_meta) check parameters
[0.293s] Level 1:colcon.colcon_core.package_discovery:discover_packages(recursive) check parameters
[0.293s] Level 1:colcon.colcon_core.package_discovery:discover_packages(ignore) check parameters
[0.293s] Level 1:colcon.colcon_core.package_discovery:discover_packages(path) check parameters
[0.293s] Level 1:colcon.colcon_core.package_discovery:discover_packages(recursive) discover
[0.293s] INFO:colcon.colcon_core.package_discovery:Crawling recursively for packages in '/home/melih/ros2_ws_arp'
[0.293s] Level 1:colcon.colcon_core.package_identification:_identify(/home/melih/ros2_ws_arp) by extensions ['ignore', 'ignore_ament_install']
[0.294s] Level 1:colcon.colcon_core.package_identification:_identify(/home/melih/ros2_ws_arp) by extension 'ignore'
[0.294s] Level 1:colcon.colcon_core.package_identification:_identify(/home/melih/ros2_ws_arp) by extension 'ignore_ament_install'
[0.294s] Level 1:colcon.colcon_core.package_identification:_identify(/home/melih/ros2_ws_arp) by extensions ['colcon_pkg']
[0.294s] Level 1:colcon.colcon_core.package_identification:_identify(/home/melih/ros2_ws_arp) by extension 'colcon_pkg'
[0.294s] Level 1:colcon.colcon_core.package_identification:_identify(/home/melih/ros2_ws_arp) by extensions ['colcon_meta']
[0.294s] Level 1:colcon.colcon_core.package_identification:_identify(/home/melih/ros2_ws_arp) by extension 'colcon_meta'
[0.294s] Level 1:colcon.colcon_core.package_identification:_identify(/home/melih/ros2_ws_arp) by extensions ['ros']
[0.294s] Level 1:colcon.colcon_core.package_identification:_identify(/home/melih/ros2_ws_arp) by extension 'ros'
[0.309s] Level 1:colcon.colcon_core.package_identification:_identify(/home/melih/ros2_ws_arp) by extensions ['cmake', 'python']
[0.309s] Level 1:colcon.colcon_core.package_identification:_identify(/home/melih/ros2_ws_arp) by extension 'cmake'
[0.309s] Level 1:colcon.colcon_core.package_identification:_identify(/home/melih/ros2_ws_arp) by extension 'python'
[0.309s] Level 1:colcon.colcon_core.package_identification:_identify(/home/melih/ros2_ws_arp) by extensions ['python_setup_py']
[0.309s] Level 1:colcon.colcon_core.package_identification:_identify(/home/melih/ros2_ws_arp) by extension 'python_setup_py'
[0.309s] Level 1:colcon.colcon_core.package_identification:_identify(/home/melih/ros2_ws_arp/build) by extensions ['ignore', 'ignore_ament_install']
[0.309s] Level 1:colcon.colcon_core.package_identification:_identify(/home/melih/ros2_ws_arp/build) by extension 'ignore'
[0.309s] Level 1:colcon.colcon_core.package_identification:_identify(/home/melih/ros2_ws_arp/build) ignored
[0.310s] Level 1:colcon.colcon_core.package_identification:_identify(/home/melih/ros2_ws_arp/install) by extensions ['ignore', 'ignore_ament_install']
[0.310s] Level 1:colcon.colcon_core.package_identification:_identify(/home/melih/ros2_ws_arp/install) by extension 'ignore'
[0.310s] Level 1:colcon.colcon_core.package_identification:_identify(/home/melih/ros2_ws_arp/install) ignored
[0.310s] Level 1:colcon.colcon_core.package_identification:_identify(/home/melih/ros2_ws_arp/log) by extensions ['ignore', 'ignore_ament_install']
[0.310s] Level 1:colcon.colcon_core.package_identification:_identify(/home/melih/ros2_ws_arp/log) by extension 'ignore'
[0.310s] Level 1:colcon.colcon_core.package_identification:_identify(/home/melih/ros2_ws_arp/log) ignored
[0.310s] Level 1:colcon.colcon_core.package_identification:_identify(/home/melih/ros2_ws_arp/src) by extensions ['ignore', 'ignore_ament_install']
[0.310s] Level 1:colcon.colcon_core.package_identification:_identify(/home/melih/ros2_ws_arp/src) by extension 'ignore'
[0.310s] Level 1:colcon.colcon_core.package_identification:_identify(/home/melih/ros2_ws_arp/src) by extension 'ignore_ament_install'
[0.310s] Level 1:colcon.colcon_core.package_identification:_identify(/home/melih/ros2_ws_arp/src) by extensions ['colcon_pkg']
[0.310s] Level 1:colcon.colcon_core.package_identification:_identify(/home/melih/ros2_ws_arp/src) by extension 'colcon_pkg'
[0.311s] Level 1:colcon.colcon_core.package_identification:_identify(/home/melih/ros2_ws_arp/src) by extensions ['colcon_meta']
[0.311s] Level 1:colcon.colcon_core.package_identification:_identify(/home/melih/ros2_ws_arp/src) by extension 'colcon_meta'
[0.311s] Level 1:colcon.colcon_core.package_identification:_identify(/home/melih/ros2_ws_arp/src) by extensions ['ros']
[0.311s] Level 1:colcon.colcon_core.package_identification:_identify(/home/melih/ros2_ws_arp/src) by extension 'ros'
[0.311s] Level 1:colcon.colcon_core.package_identification:_identify(/home/melih/ros2_ws_arp/src) by extensions ['cmake', 'python']
[0.311s] Level 1:colcon.colcon_core.package_identification:_identify(/home/melih/ros2_ws_arp/src) by extension 'cmake'
[0.311s] Level 1:colcon.colcon_core.package_identification:_identify(/home/melih/ros2_ws_arp/src) by extension 'python'
[0.311s] Level 1:colcon.colcon_core.package_identification:_identify(/home/melih/ros2_ws_arp/src) by extensions ['python_setup_py']
[0.311s] Level 1:colcon.colcon_core.package_identification:_identify(/home/melih/ros2_ws_arp/src) by extension 'python_setup_py'
[0.311s] Level 1:colcon.colcon_core.package_identification:_identify(/home/melih/ros2_ws_arp/src/arp_image_processing) by extensions ['ignore', 'ignore_ament_install']
[0.311s] Level 1:colcon.colcon_core.package_identification:_identify(/home/melih/ros2_ws_arp/src/arp_image_processing) by extension 'ignore'
[0.311s] Level 1:colcon.colcon_core.package_identification:_identify(/home/melih/ros2_ws_arp/src/arp_image_processing) by extension 'ignore_ament_install'
[0.311s] Level 1:colcon.colcon_core.package_identification:_identify(/home/melih/ros2_ws_arp/src/arp_image_processing) by extensions ['colcon_pkg']
[0.311s] Level 1:colcon.colcon_core.package_identification:_identify(/home/melih/ros2_ws_arp/src/arp_image_processing) by extension 'colcon_pkg'
[0.312s] Level 1:colcon.colcon_core.package_identification:_identify(/home/melih/ros2_ws_arp/src/arp_image_processing) by extensions ['colcon_meta']
[0.312s] Level 1:colcon.colcon_core.package_identification:_identify(/home/melih/ros2_ws_arp/src/arp_image_processing) by extension 'colcon_meta'
[0.312s] Level 1:colcon.colcon_core.package_identification:_identify(/home/melih/ros2_ws_arp/src/arp_image_processing) by extensions ['ros']
[0.312s] Level 1:colcon.colcon_core.package_identification:_identify(/home/melih/ros2_ws_arp/src/arp_image_processing) by extension 'ros'
[0.315s] DEBUG:colcon.colcon_core.package_identification:Package '/home/melih/ros2_ws_arp/src/arp_image_processing' with type 'ros.ament_python' and name 'arp_image_processing'
[0.315s] Level 1:colcon.colcon_core.package_discovery:discover_packages(recursive) using defaults
