[0.520s] Invoking command in '/home/melih/ros2_ws_arp/src/arp_image_processing': PYTHONPATH=/home/melih/ros2_ws_arp/build/arp_image_processing/prefix_override:/home/melih/ros2_ws_arp/install/arp_image_processing/lib/python3.10/site-packages:${PYTHONPATH} /usr/bin/python3 -W ignore:setup.py install is deprecated setup.py egg_info --egg-base ../../build/arp_image_processing build --build-base /home/melih/ros2_ws_arp/build/arp_image_processing/build install --record /home/melih/ros2_ws_arp/build/arp_image_processing/install.log --single-version-externally-managed install_data
[0.724s] running egg_info
[0.725s] creating ../../build/arp_image_processing/arp_image_processing.egg-info
[0.725s] writing ../../build/arp_image_processing/arp_image_processing.egg-info/PKG-INFO
[0.725s] writing dependency_links to ../../build/arp_image_processing/arp_image_processing.egg-info/dependency_links.txt
[0.725s] writing entry points to ../../build/arp_image_processing/arp_image_processing.egg-info/entry_points.txt
[0.725s] writing requirements to ../../build/arp_image_processing/arp_image_processing.egg-info/requires.txt
[0.725s] writing top-level names to ../../build/arp_image_processing/arp_image_processing.egg-info/top_level.txt
[0.725s] writing manifest file '../../build/arp_image_processing/arp_image_processing.egg-info/SOURCES.txt'
[0.726s] reading manifest file '../../build/arp_image_processing/arp_image_processing.egg-info/SOURCES.txt'
[0.727s] writing manifest file '../../build/arp_image_processing/arp_image_processing.egg-info/SOURCES.txt'
[0.727s] running build
[0.727s] running build_py
[0.727s] creating /home/melih/ros2_ws_arp/build/arp_image_processing/build
[0.728s] creating /home/melih/ros2_ws_arp/build/arp_image_processing/build/lib
[0.728s] creating /home/melih/ros2_ws_arp/build/arp_image_processing/build/lib/arp_image_processing
[0.728s] copying arp_image_processing/__init__.py -> /home/melih/ros2_ws_arp/build/arp_image_processing/build/lib/arp_image_processing
[0.728s] running install
[0.728s] running install_lib
[0.729s] creating /home/melih/ros2_ws_arp/install/arp_image_processing/lib/python3.10/site-packages/arp_image_processing
[0.729s] copying /home/melih/ros2_ws_arp/build/arp_image_processing/build/lib/arp_image_processing/__init__.py -> /home/melih/ros2_ws_arp/install/arp_image_processing/lib/python3.10/site-packages/arp_image_processing
[0.729s] byte-compiling /home/melih/ros2_ws_arp/install/arp_image_processing/lib/python3.10/site-packages/arp_image_processing/__init__.py to __init__.cpython-310.pyc
[0.729s] running install_data
[0.729s] creating /home/melih/ros2_ws_arp/install/arp_image_processing/share/ament_index
[0.729s] creating /home/melih/ros2_ws_arp/install/arp_image_processing/share/ament_index/resource_index
[0.730s] creating /home/melih/ros2_ws_arp/install/arp_image_processing/share/ament_index/resource_index/packages
[0.730s] copying resource/arp_image_processing -> /home/melih/ros2_ws_arp/install/arp_image_processing/share/ament_index/resource_index/packages
[0.730s] copying package.xml -> /home/melih/ros2_ws_arp/install/arp_image_processing/share/arp_image_processing
[0.730s] running install_egg_info
[0.731s] Copying ../../build/arp_image_processing/arp_image_processing.egg-info to /home/melih/ros2_ws_arp/install/arp_image_processing/lib/python3.10/site-packages/arp_image_processing-0.0.0-py3.10.egg-info
[0.732s] running install_scripts
[0.749s] writing list of installed files to '/home/melih/ros2_ws_arp/build/arp_image_processing/install.log'
[0.766s] Invoked command in '/home/melih/ros2_ws_arp/src/arp_image_processing' returned '0': PYTHONPATH=/home/melih/ros2_ws_arp/build/arp_image_processing/prefix_override:/home/melih/ros2_ws_arp/install/arp_image_processing/lib/python3.10/site-packages:${PYTHONPATH} /usr/bin/python3 -W ignore:setup.py install is deprecated setup.py egg_info --egg-base ../../build/arp_image_processing build --build-base /home/melih/ros2_ws_arp/build/arp_image_processing/build install --record /home/melih/ros2_ws_arp/build/arp_image_processing/install.log --single-version-externally-managed install_data
