[0.504s] Invoking command in '/home/melih/ros2_ws_arp/build/arp_image_processing': PYTHONPATH=/home/melih/ros2_ws_arp/build/arp_image_processing/prefix_override:/home/melih/ros2_ws_arp/install/arp_image_processing/lib/python3.10/site-packages:${PYTHONPATH} /usr/bin/python3 -W ignore:setup.py install is deprecated setup.py develop --uninstall --editable --build-directory /home/melih/ros2_ws_arp/build/arp_image_processing/build
[0.724s] running develop
[0.724s] /usr/lib/python3/dist-packages/setuptools/command/easy_install.py:158: EasyInstallDeprecationWarning: easy_install command is deprecated. Use build and pip and other standards-based tools.
[0.725s]   warnings.warn(
[0.869s] Removing /home/melih/ros2_ws_arp/install/arp_image_processing/lib/python3.10/site-packages/arp-image-processing.egg-link (link to .)
[0.887s] Invoked command in '/home/melih/ros2_ws_arp/build/arp_image_processing' returned '0': PYTHONPATH=/home/melih/ros2_ws_arp/build/arp_image_processing/prefix_override:/home/melih/ros2_ws_arp/install/arp_image_processing/lib/python3.10/site-packages:${PYTHONPATH} /usr/bin/python3 -W ignore:setup.py install is deprecated setup.py develop --uninstall --editable --build-directory /home/melih/ros2_ws_arp/build/arp_image_processing/build
[0.890s] Invoking command in '/home/melih/ros2_ws_arp/src/arp_image_processing': PYTHONPATH=/home/melih/ros2_ws_arp/build/arp_image_processing/prefix_override:/home/melih/ros2_ws_arp/install/arp_image_processing/lib/python3.10/site-packages:${PYTHONPATH} /usr/bin/python3 -W ignore:setup.py install is deprecated setup.py egg_info --egg-base ../../build/arp_image_processing build --build-base /home/melih/ros2_ws_arp/build/arp_image_processing/build install --record /home/melih/ros2_ws_arp/build/arp_image_processing/install.log --single-version-externally-managed install_data --force
[1.091s] running egg_info
[1.092s] writing ../../build/arp_image_processing/arp_image_processing.egg-info/PKG-INFO
[1.092s] writing dependency_links to ../../build/arp_image_processing/arp_image_processing.egg-info/dependency_links.txt
[1.092s] writing entry points to ../../build/arp_image_processing/arp_image_processing.egg-info/entry_points.txt
[1.092s] writing requirements to ../../build/arp_image_processing/arp_image_processing.egg-info/requires.txt
[1.093s] writing top-level names to ../../build/arp_image_processing/arp_image_processing.egg-info/top_level.txt
[1.094s] reading manifest file '../../build/arp_image_processing/arp_image_processing.egg-info/SOURCES.txt'
[1.095s] writing manifest file '../../build/arp_image_processing/arp_image_processing.egg-info/SOURCES.txt'
[1.095s] running build
[1.095s] running build_py
[1.095s] copying arp_image_processing/my_first_node.py -> /home/melih/ros2_ws_arp/build/arp_image_processing/build/lib/arp_image_processing
[1.095s] running install
[1.095s] running install_lib
[1.096s] creating /home/melih/ros2_ws_arp/install/arp_image_processing/lib/python3.10/site-packages/arp_image_processing
[1.096s] copying /home/melih/ros2_ws_arp/build/arp_image_processing/build/lib/arp_image_processing/my_first_node.py -> /home/melih/ros2_ws_arp/install/arp_image_processing/lib/python3.10/site-packages/arp_image_processing
[1.096s] copying /home/melih/ros2_ws_arp/build/arp_image_processing/build/lib/arp_image_processing/__init__.py -> /home/melih/ros2_ws_arp/install/arp_image_processing/lib/python3.10/site-packages/arp_image_processing
[1.096s] byte-compiling /home/melih/ros2_ws_arp/install/arp_image_processing/lib/python3.10/site-packages/arp_image_processing/my_first_node.py to my_first_node.cpython-310.pyc
[1.097s] byte-compiling /home/melih/ros2_ws_arp/install/arp_image_processing/lib/python3.10/site-packages/arp_image_processing/__init__.py to __init__.cpython-310.pyc
[1.097s] running install_data
[1.097s] copying resource/arp_image_processing -> /home/melih/ros2_ws_arp/install/arp_image_processing/share/ament_index/resource_index/packages
[1.097s] copying package.xml -> /home/melih/ros2_ws_arp/install/arp_image_processing/share/arp_image_processing
[1.097s] running install_egg_info
[1.098s] Copying ../../build/arp_image_processing/arp_image_processing.egg-info to /home/melih/ros2_ws_arp/install/arp_image_processing/lib/python3.10/site-packages/arp_image_processing-0.0.0-py3.10.egg-info
[1.099s] running install_scripts
[1.116s] Installing test_node script to /home/melih/ros2_ws_arp/install/arp_image_processing/lib/arp_image_processing
[1.116s] writing list of installed files to '/home/melih/ros2_ws_arp/build/arp_image_processing/install.log'
[1.133s] Invoked command in '/home/melih/ros2_ws_arp/src/arp_image_processing' returned '0': PYTHONPATH=/home/melih/ros2_ws_arp/build/arp_image_processing/prefix_override:/home/melih/ros2_ws_arp/install/arp_image_processing/lib/python3.10/site-packages:${PYTHONPATH} /usr/bin/python3 -W ignore:setup.py install is deprecated setup.py egg_info --egg-base ../../build/arp_image_processing build --build-base /home/melih/ros2_ws_arp/build/arp_image_processing/build install --record /home/melih/ros2_ws_arp/build/arp_image_processing/install.log --single-version-externally-managed install_data --force
