running egg_info
writing ../../build/arp_image_processing/arp_image_processing.egg-info/PKG-INFO
writing dependency_links to ../../build/arp_image_processing/arp_image_processing.egg-info/dependency_links.txt
writing entry points to ../../build/arp_image_processing/arp_image_processing.egg-info/entry_points.txt
writing requirements to ../../build/arp_image_processing/arp_image_processing.egg-info/requires.txt
writing top-level names to ../../build/arp_image_processing/arp_image_processing.egg-info/top_level.txt
reading manifest file '../../build/arp_image_processing/arp_image_processing.egg-info/SOURCES.txt'
writing manifest file '../../build/arp_image_processing/arp_image_processing.egg-info/SOURCES.txt'
running build
running build_py
copying arp_image_processing/my_first_node.py -> /home/melih/ros2_ws_arp/build/arp_image_processing/build/lib/arp_image_processing
running install
running install_lib
copying /home/melih/ros2_ws_arp/build/arp_image_processing/build/lib/arp_image_processing/my_first_node.py -> /home/melih/ros2_ws_arp/install/arp_image_processing/lib/python3.10/site-packages/arp_image_processing
byte-compiling /home/melih/ros2_ws_arp/install/arp_image_processing/lib/python3.10/site-packages/arp_image_processing/my_first_node.py to my_first_node.cpython-310.pyc
running install_data
running install_egg_info
removing '/home/melih/ros2_ws_arp/install/arp_image_processing/lib/python3.10/site-packages/arp_image_processing-0.0.0-py3.10.egg-info' (and everything under it)
Copying ../../build/arp_image_processing/arp_image_processing.egg-info to /home/melih/ros2_ws_arp/install/arp_image_processing/lib/python3.10/site-packages/arp_image_processing-0.0.0-py3.10.egg-info
running install_scripts
Installing test_node script to /home/melih/ros2_ws_arp/install/arp_image_processing/lib/arp_image_processing
writing list of installed files to '/home/melih/ros2_ws_arp/build/arp_image_processing/install.log'
